Cocos2d: 
<dict>
	cocos2d.x.version: quick-cocos2d-x 2.2.5
	cocos2d.x.compiled_with_profiler: false
	cocos2d.x.compiled_with_gl_state_cache: true
	gl.vendor: NVIDIA Corporation
	gl.renderer: NVIDIA GeForce GT 610 OpenGL Engine
	gl.version: 2.1 NVIDIA-8.12.32 310.20.00a08
	gl.max_texture_size: 8192
	gl.max_texture_units: 16
	gl.supports_PVRTC: false
	gl.supports_NPOT: true
	gl.supports_BGRA8888: false
	gl.supports_discard_framebuffer: false
	gl.supports_vertex_array_object: true
</dict>
Cocos2d: lua_loadChunksFromZIP() - load zip file: /Users/user/Desktop/cocos2d-x-2.2.2/quick-cocos2d-x-2.2.5/lib/framework_precompiled/framework_precompiled.zip
Cocos2d: lua_loadChunksFromZIP() - loaded chunks count: 108
Cocos2d: ------------------------------------------------
Cocos2d: LOAD LUA FILE: /Users/user/Documents/quick/quick-cocos2d-x-2.2.5/samples/goldMiner/scripts/main.lua
Cocos2d: ------------------------------------------------
Cocos2d: [0.0216] [INFO] 
Cocos2d: [0.0216] [INFO] # DEBUG                        = 1
Cocos2d: [0.0216] [INFO] #
Cocos2d: [0.0217] [INFO] # device.platform              = mac
Cocos2d: [0.0217] [INFO] # device.model                 = unknown
Cocos2d: [0.0217] [INFO] # device.language              = cn
Cocos2d: [0.0217] [INFO] # device.writablePath          = /Users/user/Documents/quick/quick-cocos2d-x-2.2.5/samples/goldMiner/
Cocos2d: [0.0217] [INFO] # device.cachePath             = /Users/user/Documents/quick/quick-cocos2d-x-2.2.5/samples/goldMiner/
Cocos2d: [0.0217] [INFO] # device.directorySeparator    = /
Cocos2d: [0.0217] [INFO] # device.pathSeparator         = :
Cocos2d: [0.0217] [INFO] #
Cocos2d: [0.0232] [INFO] # CONFIG_SCREEN_AUTOSCALE      = FIXED_WIDTH
Cocos2d: [0.0232] [INFO] # CONFIG_SCREEN_WIDTH          = 640.00
Cocos2d: [0.0232] [INFO] # CONFIG_SCREEN_HEIGHT         = 426.67
Cocos2d: [0.0232] [INFO] # display.widthInPixels        = 960.00
Cocos2d: [0.0232] [INFO] # display.heightInPixels       = 640.00
Cocos2d: [0.0232] [INFO] # display.contentScaleFactor   = 1.50
Cocos2d: [0.0233] [INFO] # display.width                = 640.00
Cocos2d: [0.0233] [INFO] # display.height               = 426.67
Cocos2d: [0.0233] [INFO] # display.cx                   = 320.00
Cocos2d: [0.0233] [INFO] # display.cy                   = 213.33
Cocos2d: [0.0233] [INFO] # display.left                 = 0.00
Cocos2d: [0.0233] [INFO] # display.right                = 640.00
Cocos2d: [0.0233] [INFO] # display.top                  = 426.67
Cocos2d: [0.0233] [INFO] # display.bottom               = 0.00
Cocos2d: [0.0233] [INFO] # display.c_left               = -320.00
Cocos2d: [0.0233] [INFO] # display.c_right              = 320.00
Cocos2d: [0.0233] [INFO] # display.c_top                = 213.33
Cocos2d: [0.0233] [INFO] # display.c_bottom             = -213.33
Cocos2d: [0.0233] [INFO] #
Cocos2d: [0.0802] on
Cocos2d: [4.1305] nil
Cocos2d: [7.1310] nil
Cocos2d: [10.3805] nil
Cocos2d: [12.8315] userdata
Cocos2d: [12.8325] gold = 50
Cocos2d: [19.4639] userdata
Cocos2d: [19.4651] gold = 250
Cocos2d: [23.1644] nil
Cocos2d: [30.4811] userdata
Cocos2d: [30.4822] gold = 450
Cocos2d: [33.5972] nil
Cocos2d: [40.0640] userdata
Cocos2d: [40.0651] gold = 650
Cocos2d: [43.6975] nil
Cocos2d: [45.8815] nil
Cocos2d: [47.9638] userdata
Cocos2d: [47.9649] gold = 700
Cocos2d: [50.7638] nil
Cocos2d: [53.6972] userdata
Cocos2d: [53.6983] gold = 750
Cocos2d: [57.1471] nil
Cocos2d: [59.9472] nil
